<?xml version="1.0" encoding="UTF-8"?>
<!-- Generated by org.testng.reporters.JUnitXMLReporter -->
<testsuite ignored="0" hostname="DESKTOP-MA84K88" failures="0" tests="5" name="Default test" time="609.839" errors="0" timestamp="2025-08-03T11:37:05 IST">
  <testcase classname="Expenses_TestCases.Expenses_FullTest" name="WorkOrder" time="157.97"/>
  <testcase classname="Expenses_TestCases.Expenses_FullTest" name="Advance" time="141.526"/>
  <testcase classname="Expenses_TestCases.Expenses_FullTest" name="DebitNote" time="90.027"/>
  <testcase classname="Expenses_TestCases.Expenses_FullTest" name="DebitNoteReceipt" time="66.689"/>
  <testcase classname="Expenses_TestCases.Expenses_FullTest" name="Payment" time="141.997"/>
</testsuite> <!-- Default test -->
