<?xml version="1.0" encoding="UTF-8"?>
<!-- Generated by org.testng.reporters.JUnitXMLReporter -->
<testsuite ignored="0" hostname="DESKTOP-MA84K88" failures="0" tests="5" name="Default test" time="658.49" errors="0" timestamp="2025-11-12T23:47:07 IST">
  <testcase classname="Expenses_TestCases.Expenses_FullTest" name="WorkOrder" time="226.844"/>
  <testcase classname="Expenses_TestCases.Expenses_FullTest" name="Advance" time="140.142"/>
  <testcase classname="Expenses_TestCases.Expenses_FullTest" name="DebitNote" time="110.847"/>
  <testcase classname="Expenses_TestCases.Expenses_FullTest" name="DebitNoteReceipt" time="75.495"/>
  <testcase classname="Expenses_TestCases.Expenses_FullTest" name="Payment" time="99.418"/>
</testsuite> <!-- Default test -->
