<?xml version="1.0" encoding="UTF-8"?>
<!-- Generated by org.testng.reporters.JUnitXMLReporter -->
<testsuite ignored="0" hostname="DESKTOP-MA84K88" failures="0" tests="1" name="ChromeTest" time="0.123" errors="0" timestamp="2025-07-19T16:26:18 IST">
  <testcase classname="Utilities.BaseClass" name="@BeforeClass SetUp" time="0.023">
    <failure type="java.lang.Error" message="Unresolved compilation problem: 
	Unreachable code
">
      <![CDATA[java.lang.Error: Unresolved compilation problem: 
Unreachable code

at Utilities.BaseClass.SetUp(BaseClass.java:41)
at java.base/java.util.ArrayList.forEach(ArrayList.java:1604)
at java.base/java.util.concurrent.FutureTask.run(FutureTask.java:328)
at java.base/java.util.concurrent.ThreadPoolExecutor.runWorker(ThreadPoolExecutor.java:1095)
at java.base/java.util.concurrent.ThreadPoolExecutor$Worker.run(ThreadPoolExecutor.java:619)
at java.base/java.lang.Thread.run(Thread.java:1447)
... Removed 13 stack frames]]>
    </failure>
  </testcase> <!-- @BeforeClass SetUp -->
  <testcase classname="Utilities.BaseClass" name="@BeforeClass SetUp" time="0.023">
    <failure type="java.lang.Error" message="Unresolved compilation problem: 
	Unreachable code
">
      <![CDATA[java.lang.Error: Unresolved compilation problem: 
Unreachable code

at Utilities.BaseClass.SetUp(BaseClass.java:41)
at java.base/java.util.ArrayList.forEach(ArrayList.java:1604)
at java.base/java.util.concurrent.FutureTask.run(FutureTask.java:328)
at java.base/java.util.concurrent.ThreadPoolExecutor.runWorker(ThreadPoolExecutor.java:1095)
at java.base/java.util.concurrent.ThreadPoolExecutor$Worker.run(ThreadPoolExecutor.java:619)
at java.base/java.lang.Thread.run(Thread.java:1447)
... Removed 13 stack frames]]>
    </failure>
  </testcase> <!-- @BeforeClass SetUp -->
  <testcase classname="Utilities.BaseClass" name="@AfterClass TearDown" time="0.0">
    <skipped/>
  </testcase> <!-- @AfterClass TearDown -->
  <testcase classname="Utilities.BaseClass" name="@AfterClass TearDown" time="0.0">
    <skipped/>
  </testcase> <!-- @AfterClass TearDown -->
  <testcase classname="Expenses_Test.WorkOrder_Test" name="WOCreateTest" time="0.0">
    <skipped/>
  </testcase> <!-- WOCreateTest -->
</testsuite> <!-- ChromeTest -->
