<?xml version="1.0" encoding="UTF-8"?>
<!-- Generated by org.testng.reporters.JUnitXMLReporter -->
<testsuite ignored="0" hostname="DESKTOP-MA84K88" failures="0" tests="5" name="EdgeBrowser" time="706.289" errors="0" timestamp="2025-07-20T19:25:47 IST">
  <testcase classname="Expenses_Test.Expenses_FullTest" name="WorkOrder" time="162.88"/>
  <testcase classname="Expenses_Test.Expenses_FullTest" name="Advance" time="145.459"/>
  <testcase classname="Expenses_Test.Expenses_FullTest" name="DebitNote" time="89.383"/>
  <testcase classname="Expenses_Test.Expenses_FullTest" name="DebitNoteReceipt" time="93.888"/>
  <testcase classname="Expenses_Test.Expenses_FullTest" name="Payment" time="206.743"/>
</testsuite> <!-- EdgeBrowser -->
