<?xml version="1.0" encoding="UTF-8"?>
<!-- Generated by org.testng.reporters.JUnitXMLReporter -->
<testsuite ignored="0" hostname="DESKTOP-MA84K88" failures="0" tests="5" name="Test" time="629.773" errors="0" timestamp="2025-07-20T19:10:59 IST">
  <testcase classname="Expenses_Test.Expenses_FullTest" name="WorkOrder" time="156.032"/>
  <testcase classname="Expenses_Test.Expenses_FullTest" name="Advance" time="150.956"/>
  <testcase classname="Expenses_Test.Expenses_FullTest" name="DebitNote" time="109.298"/>
  <testcase classname="Expenses_Test.Expenses_FullTest" name="DebitNoteReceipt" time="66.982"/>
  <testcase classname="Expenses_Test.Expenses_FullTest" name="Payment" time="139.521"/>
</testsuite> <!-- Test -->
