<?xml version="1.0" encoding="UTF-8"?>
<!-- Generated by org.testng.reporters.JUnitXMLReporter -->
<testsuite ignored="0" hostname="DESKTOP-MA84K88" failures="0" tests="5" name="Test" time="857.304" errors="0" timestamp="2025-08-02T21:02:14 IST">
  <testcase classname="Expenses_TestCases.Expenses_FullTest" name="WorkOrder" time="222.252"/>
  <testcase classname="Expenses_TestCases.Expenses_FullTest" name="Advance" time="263.666"/>
  <testcase classname="Expenses_TestCases.Expenses_FullTest" name="DebitNote" time="119.889"/>
  <testcase classname="Expenses_TestCases.Expenses_FullTest" name="DebitNoteReceipt" time="90.593"/>
  <testcase classname="Expenses_TestCases.Expenses_FullTest" name="Payment" time="142.942"/>
</testsuite> <!-- Test -->
