<?xml version="1.0" encoding="UTF-8"?>
<!-- Generated by org.testng.reporters.JUnitXMLReporter -->
<testsuite ignored="0" hostname="DESKTOP-MA84K88" failures="0" tests="5" name="EdgeBrowser" time="5.468" errors="0" timestamp="2025-07-20T22:32:31 IST">
  <testcase classname="Expenses_Test.Expenses_FullTest" name="WorkOrder" time="0.0">
    <skipped/>
  </testcase> <!-- WorkOrder -->
  <testcase classname="Expenses_Test.Expenses_FullTest" name="Advance" time="0.001">
    <skipped/>
  </testcase> <!-- Advance -->
  <testcase classname="Expenses_Test.Expenses_FullTest" name="DebitNote" time="0.0">
    <skipped/>
  </testcase> <!-- DebitNote -->
  <testcase classname="Expenses_Test.Expenses_FullTest" name="DebitNoteReceipt" time="0.0">
    <skipped/>
  </testcase> <!-- DebitNoteReceipt -->
  <testcase classname="Expenses_Test.Expenses_FullTest" name="Payment" time="0.0">
    <skipped/>
  </testcase> <!-- Payment -->
</testsuite> <!-- EdgeBrowser -->
