<?xml version="1.0" encoding="UTF-8"?>
<testng-results ignored="0" total="5" passed="4" failed="1" skipped="0">
  <reporter-output>
  </reporter-output>
  <suite started-at="2025-11-22T10:23:52 IST" name="BatchExecutionSuite" finished-at="2025-11-22T10:29:32 IST" duration-ms="339965">
    <groups>
      <group name="PaymentFlow">
        <method signature="Expenses_FullTest.Payment()[pri:6, instance:Expenses_TestCases.Expenses_FullTest@35e2d654]" name="Payment" class="Expenses_TestCases.Expenses_FullTest"/>
      </group> <!-- PaymentFlow -->
      <group name="ExpenseModule">
        <method signature="Expenses_FullTest.Advance()[pri:3, instance:Expenses_TestCases.Expenses_FullTest@35e2d654]" name="Advance" class="Expenses_TestCases.Expenses_FullTest"/>
        <method signature="Expenses_FullTest.DebitNote()[pri:4, instance:Expenses_TestCases.Expenses_FullTest@35e2d654]" name="DebitNote" class="Expenses_TestCases.Expenses_FullTest"/>
        <method signature="Expenses_FullTest.DebitNoteReceipt()[pri:5, instance:Expenses_TestCases.Expenses_FullTest@35e2d654]" name="DebitNoteReceipt" class="Expenses_TestCases.Expenses_FullTest"/>
        <method signature="Expenses_FullTest.WorkOrder()[pri:2, instance:Expenses_TestCases.Expenses_FullTest@35e2d654]" name="WorkOrder" class="Expenses_TestCases.Expenses_FullTest"/>
        <method signature="Expenses_FullTest.Payment()[pri:6, instance:Expenses_TestCases.Expenses_FullTest@35e2d654]" name="Payment" class="Expenses_TestCases.Expenses_FullTest"/>
      </group> <!-- ExpenseModule -->
      <group name="WorkOrderFlow">
        <method signature="Expenses_FullTest.WorkOrder()[pri:2, instance:Expenses_TestCases.Expenses_FullTest@35e2d654]" name="WorkOrder" class="Expenses_TestCases.Expenses_FullTest"/>
      </group> <!-- WorkOrderFlow -->
      <group name="DebitNoteFlow">
        <method signature="Expenses_FullTest.DebitNote()[pri:4, instance:Expenses_TestCases.Expenses_FullTest@35e2d654]" name="DebitNote" class="Expenses_TestCases.Expenses_FullTest"/>
      </group> <!-- DebitNoteFlow -->
      <group name="SmokeSuite">
        <method signature="Expenses_FullTest.Advance()[pri:3, instance:Expenses_TestCases.Expenses_FullTest@35e2d654]" name="Advance" class="Expenses_TestCases.Expenses_FullTest"/>
      </group> <!-- SmokeSuite -->
      <group name="AdvanceFlow">
        <method signature="Expenses_FullTest.Advance()[pri:3, instance:Expenses_TestCases.Expenses_FullTest@35e2d654]" name="Advance" class="Expenses_TestCases.Expenses_FullTest"/>
      </group> <!-- AdvanceFlow -->
      <group name="CriticalWorkflowSuite">
        <method signature="Expenses_FullTest.WorkOrder()[pri:2, instance:Expenses_TestCases.Expenses_FullTest@35e2d654]" name="WorkOrder" class="Expenses_TestCases.Expenses_FullTest"/>
        <method signature="Expenses_FullTest.Payment()[pri:6, instance:Expenses_TestCases.Expenses_FullTest@35e2d654]" name="Payment" class="Expenses_TestCases.Expenses_FullTest"/>
      </group> <!-- CriticalWorkflowSuite -->
      <group name="RegressionSuite2">
        <method signature="Expenses_FullTest.DebitNoteReceipt()[pri:5, instance:Expenses_TestCases.Expenses_FullTest@35e2d654]" name="DebitNoteReceipt" class="Expenses_TestCases.Expenses_FullTest"/>
      </group> <!-- RegressionSuite2 -->
      <group name="DebitNoteReceiptFlow">
        <method signature="Expenses_FullTest.DebitNoteReceipt()[pri:5, instance:Expenses_TestCases.Expenses_FullTest@35e2d654]" name="DebitNoteReceipt" class="Expenses_TestCases.Expenses_FullTest"/>
      </group> <!-- DebitNoteReceiptFlow -->
      <group name="RegressionSuite1">
        <method signature="Expenses_FullTest.DebitNote()[pri:4, instance:Expenses_TestCases.Expenses_FullTest@35e2d654]" name="DebitNote" class="Expenses_TestCases.Expenses_FullTest"/>
      </group> <!-- RegressionSuite1 -->
    </groups>
    <test started-at="2025-11-22T10:23:52 IST" name="Test" finished-at="2025-11-22T10:29:32 IST" duration-ms="339965">
      <class name="Expenses_TestCases.Expenses_FullTest">
        <test-method is-config="true" signature="setUp(java.lang.String,java.lang.String,org.testng.ITestContext)[pri:0, instance:Expenses_TestCases.Expenses_FullTest@35e2d654]" started-at="2025-11-22T10:23:53 IST" name="setUp" finished-at="2025-11-22T10:23:57 IST" duration-ms="4681" status="PASS">
          <params>
            <param index="0">
              <value>
                <![CDATA[windows]]>
              </value>
            </param>
            <param index="1">
              <value>
                <![CDATA[chrome]]>
              </value>
            </param>
            <param index="2">
              <value>
                <![CDATA[org.testng.TestRunner@639cb788]]>
              </value>
            </param>
          </params>
          <reporter-output>
          </reporter-output>
        </test-method> <!-- setUp -->
        <test-method signature="WorkOrder()[pri:2, instance:Expenses_TestCases.Expenses_FullTest@35e2d654]" started-at="2025-11-22T10:23:57 IST" name="WorkOrder" finished-at="2025-11-22T10:26:57 IST" duration-ms="179687" status="PASS">
          <reporter-output>
          </reporter-output>
        </test-method> <!-- WorkOrder -->
        <test-method signature="Advance()[pri:3, instance:Expenses_TestCases.Expenses_FullTest@35e2d654]" started-at="2025-11-22T10:26:57 IST" name="Advance" finished-at="2025-11-22T10:27:28 IST" duration-ms="31050" status="PASS">
          <reporter-output>
          </reporter-output>
        </test-method> <!-- Advance -->
        <test-method signature="DebitNote()[pri:4, instance:Expenses_TestCases.Expenses_FullTest@35e2d654]" started-at="2025-11-22T10:27:28 IST" name="DebitNote" finished-at="2025-11-22T10:27:59 IST" duration-ms="31037" status="PASS">
          <reporter-output>
          </reporter-output>
        </test-method> <!-- DebitNote -->
        <test-method signature="DebitNoteReceipt()[pri:5, instance:Expenses_TestCases.Expenses_FullTest@35e2d654]" started-at="2025-11-22T10:27:59 IST" name="DebitNoteReceipt" finished-at="2025-11-22T10:28:30 IST" depends-on-methods="Expenses_TestCases.Expenses_FullTest.DebitNote" duration-ms="31031" status="PASS">
          <reporter-output>
          </reporter-output>
        </test-method> <!-- DebitNoteReceipt -->
        <test-method signature="Payment()[pri:6, instance:Expenses_TestCases.Expenses_FullTest@35e2d654]" started-at="2025-11-22T10:28:30 IST" name="Payment" finished-at="2025-11-22T10:29:31 IST" duration-ms="61131" status="FAIL">
          <exception class="org.openqa.selenium.TimeoutException">
            <message>
              <![CDATA[Expected condition failed: waiting for frame to be available: By.xpath: //iframe[@id='erpContainer'] (tried for 20 second(s) with 500 milliseconds interval)]]>
            </message>
            <full-stacktrace>
              <![CDATA[org.openqa.selenium.TimeoutException: Expected condition failed: waiting for frame to be available: By.xpath: //iframe[@id='erpContainer'] (tried for 20 second(s) with 500 milliseconds interval)
at org.openqa.selenium.support.ui.WebDriverWait.timeoutException(WebDriverWait.java:84)
at org.openqa.selenium.support.ui.FluentWait.until(FluentWait.java:228)
at Utilities.AppDependent.MainParentFrame(AppDependent.java:44)
at Utilities.ApplicationScript.logoutTest(ApplicationScript.java:62)
at Expenses_TestCases.Expenses_FullTest.Payment(Expenses_FullTest.java:58)
at java.base/jdk.internal.reflect.DirectMethodHandleAccessor.invoke(DirectMethodHandleAccessor.java:103)
at java.base/java.lang.reflect.Method.invoke(Method.java:580)
at org.testng.internal.invokers.MethodInvocationHelper.invokeMethod(MethodInvocationHelper.java:141)
at org.testng.internal.invokers.TestInvoker.invokeMethod(TestInvoker.java:687)
at org.testng.internal.invokers.TestInvoker.invokeTestMethod(TestInvoker.java:230)
at org.testng.internal.invokers.MethodRunner.runInSequence(MethodRunner.java:63)
at org.testng.internal.invokers.TestInvoker$MethodInvocationAgent.invoke(TestInvoker.java:995)
at org.testng.internal.invokers.TestInvoker.invokeTestMethods(TestInvoker.java:203)
at org.testng.internal.invokers.TestMethodWorker.invokeTestMethods(TestMethodWorker.java:154)
at org.testng.internal.invokers.TestMethodWorker.run(TestMethodWorker.java:134)
at java.base/java.util.ArrayList.forEach(ArrayList.java:1596)
at org.testng.TestRunner.privateRun(TestRunner.java:741)
at org.testng.TestRunner.run(TestRunner.java:616)
at org.testng.SuiteRunner.runTest(SuiteRunner.java:421)
at org.testng.SuiteRunner.runSequentially(SuiteRunner.java:413)
at org.testng.SuiteRunner.privateRun(SuiteRunner.java:373)
at org.testng.SuiteRunner.run(SuiteRunner.java:312)
at org.testng.SuiteRunnerWorker.runSuite(SuiteRunnerWorker.java:52)
at org.testng.SuiteRunnerWorker.run(SuiteRunnerWorker.java:95)
at org.testng.TestNG.runSuitesSequentially(TestNG.java:1274)
at org.testng.TestNG.runSuitesLocally(TestNG.java:1208)
at org.testng.TestNG.runSuites(TestNG.java:1112)
at org.testng.TestNG.run(TestNG.java:1079)
at org.apache.maven.surefire.testng.TestNGExecutor.run(TestNGExecutor.java:308)
at org.apache.maven.surefire.testng.TestNGXmlTestSuite.execute(TestNGXmlTestSuite.java:71)
at org.apache.maven.surefire.testng.TestNGProvider.invoke(TestNGProvider.java:113)
at org.apache.maven.surefire.booter.ForkedBooter.runSuitesInProcess(ForkedBooter.java:385)
at org.apache.maven.surefire.booter.ForkedBooter.execute(ForkedBooter.java:162)
at org.apache.maven.surefire.booter.ForkedBooter.run(ForkedBooter.java:507)
at org.apache.maven.surefire.booter.ForkedBooter.main(ForkedBooter.java:495)
Caused by: org.openqa.selenium.NoSuchElementException: no such element: Unable to locate element: {"method":"xpath","selector":"//iframe[@id='erpContainer']"}
  (Session info: chrome=142.0.7444.163)
For documentation on this error, please visit: https://www.selenium.dev/documentation/webdriver/troubleshooting/errors#no-such-element-exception
Build info: version: '4.35.0', revision: '1c58e5028b'
System info: os.name: 'Windows 11', os.arch: 'amd64', os.version: '10.0', java.version: '21'
Driver info: org.openqa.selenium.chrome.ChromeDriver
Command: [73cda56cd2d82916c19dd416624f4fdc, findElement {using=xpath, value=//iframe[@id='erpContainer']}]
Capabilities {acceptInsecureCerts: false, browserName: chrome, browserVersion: 142.0.7444.163, chrome: {chromedriverVersion: 142.0.7444.175 (302067f14a4..., userDataDir: C:\WINDOWS\SystemTemp\scope...}, fedcm:accounts: true, goog:chromeOptions: {debuggerAddress: localhost:12307}, goog:processID: 21844, networkConnectionEnabled: false, pageLoadStrategy: normal, platformName: windows, proxy: Proxy(), se:cdp: ws://localhost:12307/devtoo..., se:cdpVersion: 142.0.7444.163, setWindowRect: true, strictFileInteractability: false, timeouts: {implicit: 0, pageLoad: 300000, script: 30000}, unhandledPromptBehavior: dismiss and notify, webauthn:extension:credBlob: true, webauthn:extension:largeBlob: true, webauthn:extension:minPinLength: true, webauthn:extension:prf: true, webauthn:virtualAuthenticators: true}
Session ID: 73cda56cd2d82916c19dd416624f4fdc
at java.base/jdk.internal.reflect.DirectConstructorHandleAccessor.newInstance(DirectConstructorHandleAccessor.java:62)
at java.base/java.lang.reflect.Constructor.newInstanceWithCaller(Constructor.java:502)
at java.base/java.lang.reflect.Constructor.newInstance(Constructor.java:486)
at org.openqa.selenium.remote.ErrorCodec.decode(ErrorCodec.java:167)
at org.openqa.selenium.remote.codec.w3c.W3CHttpResponseCodec.decode(W3CHttpResponseCodec.java:138)
at org.openqa.selenium.remote.codec.w3c.W3CHttpResponseCodec.decode(W3CHttpResponseCodec.java:50)
at org.openqa.selenium.remote.HttpCommandExecutor.execute(HttpCommandExecutor.java:215)
at org.openqa.selenium.remote.service.DriverCommandExecutor.invokeExecute(DriverCommandExecutor.java:216)
at org.openqa.selenium.remote.service.DriverCommandExecutor.execute(DriverCommandExecutor.java:174)
at org.openqa.selenium.remote.RemoteWebDriver.execute(RemoteWebDriver.java:557)
at org.openqa.selenium.remote.ElementLocation$ElementFinder$2.findElement(ElementLocation.java:165)
at org.openqa.selenium.remote.ElementLocation.findElement(ElementLocation.java:59)
at org.openqa.selenium.remote.RemoteWebDriver.findElement(RemoteWebDriver.java:380)
at org.openqa.selenium.remote.RemoteWebDriver.findElement(RemoteWebDriver.java:374)
at org.openqa.selenium.support.ui.ExpectedConditions$17.apply(ExpectedConditions.java:491)
at org.openqa.selenium.support.ui.ExpectedConditions$17.apply(ExpectedConditions.java:487)
at org.openqa.selenium.support.ui.FluentWait.until(FluentWait.java:203)
... 33 more
]]>
            </full-stacktrace>
          </exception> <!-- org.openqa.selenium.TimeoutException -->
          <reporter-output>
          </reporter-output>
        </test-method> <!-- Payment -->
        <test-method is-config="true" signature="tearDown()[pri:0, instance:Expenses_TestCases.Expenses_FullTest@35e2d654]" started-at="2025-11-22T10:29:32 IST" name="tearDown" finished-at="2025-11-22T10:29:32 IST" duration-ms="377" status="PASS">
          <reporter-output>
          </reporter-output>
        </test-method> <!-- tearDown -->
      </class> <!-- Expenses_TestCases.Expenses_FullTest -->
    </test> <!-- Test -->
  </suite> <!-- BatchExecutionSuite -->
</testng-results>
