<?xml version="1.0" encoding="UTF-8"?>
<testsuite xmlns:xsi="http://www.w3.org/2001/XMLSchema-instance" xsi:noNamespaceSchemaLocation="https://maven.apache.org/surefire/maven-surefire-plugin/xsd/surefire-test-report.xsd" version="3.0.2" name="TestSuite" time="616.929" tests="5" errors="0" skipped="0" failures="0">
  <properties>
[...]
</properties>
  <testcase name="WorkOrder" classname="Expenses_TestCases.Expenses_FullTest" time="161.73">
    <system-out><![CDATA[🟢 In4Suite Login successful!
2025-07-27T08:57:19.224346700Z main ERROR Log4j API could not find a logging provider.

1. Expenses Work Order Exp/WO/2025-26/Vodafone Group PLC/Vodafone Network Exp/70 Approved for 11,200.00 INR
🛑 CreateExpenseWO next row blank found, exiting...

]]></system-out>
    <system-err><![CDATA[SLF4J(W): No SLF4J providers were found.
SLF4J(W): Defaulting to no-operation (NOP) logger implementation
SLF4J(W): See https://www.slf4j.org/codes.html#noProviders for further details.
Jul 27, 2025 2:26:31 PM org.openqa.selenium.devtools.CdpVersionFinder findNearestMatch
WARNING: Unable to find an exact match for CDP version 138, returning the closest version; found: 137; Please update to a Selenium version that supports CDP version 138
]]></system-err>
  </testcase>
  <testcase name="Advance" classname="Expenses_TestCases.Expenses_FullTest" time="142.676">
    <system-out><![CDATA[2. Expenses Advance Request Id: 48115 Paid amount is: 3,060.00 INR for Exp/WO/2025-26/Vodafone Group PLC/Vodafone Network Exp/70

]]></system-out>
  </testcase>
  <testcase name="DebitNote" classname="Expenses_TestCases.Expenses_FullTest" time="85.527">
    <system-out><![CDATA[3. Expenses Debit Note ID : 1377 Processed with: 1,250.00 INR for Exp/WO/2025-26/Vodafone Group PLC/Vodafone Network Exp/70

]]></system-out>
  </testcase>
  <testcase name="DebitNoteReceipt" classname="Expenses_TestCases.Expenses_FullTest" time="65.387">
    <system-out><![CDATA[4. Expenses Debit Note Receipt: 387 Received amount with: 250.00 INR...From Debite Note ID: 1377

]]></system-out>
  </testcase>
  <testcase name="Payment" classname="Expenses_TestCases.Expenses_FullTest" time="140.165">
    <system-out><![CDATA[5. Expenses Payment Request Id: 48116 Paid amount is: 2,060.00 INR for Exp/WO/2025-26/Vodafone Group PLC/Vodafone Network Exp/70
 a. Advance 48115 Adjusted amount is: 3,360.00
 b. Debit Note 1377 Adjusted amount is: 1000.00

🟢 In4Suite Logout successful!
]]></system-out>
  </testcase>
</testsuite>