<?xml version="1.0" encoding="UTF-8"?>
<testng-results ignored="0" total="5" passed="5" failed="0" skipped="0">
  <reporter-output>
  </reporter-output>
  <suite started-at="2025-07-27T20:36:37 IST" name="BatchExecutionSuite" finished-at="2025-07-27T20:50:37 IST" duration-ms="840052">
    <groups>
      <group name="Master">
        <method signature="Expenses_FullTest.WorkOrder()[pri:2, instance:Expenses_TestCases.Expenses_FullTest@6ca8564a]" name="WorkOrder" class="Expenses_TestCases.Expenses_FullTest"/>
        <method signature="Expenses_FullTest.Advance()[pri:3, instance:Expenses_TestCases.Expenses_FullTest@6ca8564a]" name="Advance" class="Expenses_TestCases.Expenses_FullTest"/>
        <method signature="Expenses_FullTest.DebitNote()[pri:4, instance:Expenses_TestCases.Expenses_FullTest@6ca8564a]" name="DebitNote" class="Expenses_TestCases.Expenses_FullTest"/>
        <method signature="Expenses_FullTest.DebitNoteReceipt()[pri:5, instance:Expenses_TestCases.Expenses_FullTest@6ca8564a]" name="DebitNoteReceipt" class="Expenses_TestCases.Expenses_FullTest"/>
        <method signature="Expenses_FullTest.Payment()[pri:6, instance:Expenses_TestCases.Expenses_FullTest@6ca8564a]" name="Payment" class="Expenses_TestCases.Expenses_FullTest"/>
      </group> <!-- Master -->
      <group name="Sanity">
        <method signature="Expenses_FullTest.WorkOrder()[pri:2, instance:Expenses_TestCases.Expenses_FullTest@6ca8564a]" name="WorkOrder" class="Expenses_TestCases.Expenses_FullTest"/>
      </group> <!-- Sanity -->
      <group name="Smoke">
        <method signature="Expenses_FullTest.Advance()[pri:3, instance:Expenses_TestCases.Expenses_FullTest@6ca8564a]" name="Advance" class="Expenses_TestCases.Expenses_FullTest"/>
        <method signature="Expenses_FullTest.DebitNote()[pri:4, instance:Expenses_TestCases.Expenses_FullTest@6ca8564a]" name="DebitNote" class="Expenses_TestCases.Expenses_FullTest"/>
        <method signature="Expenses_FullTest.DebitNoteReceipt()[pri:5, instance:Expenses_TestCases.Expenses_FullTest@6ca8564a]" name="DebitNoteReceipt" class="Expenses_TestCases.Expenses_FullTest"/>
        <method signature="Expenses_FullTest.Payment()[pri:6, instance:Expenses_TestCases.Expenses_FullTest@6ca8564a]" name="Payment" class="Expenses_TestCases.Expenses_FullTest"/>
      </group> <!-- Smoke -->
    </groups>
    <test started-at="2025-07-27T20:36:37 IST" name="Test" finished-at="2025-07-27T20:50:37 IST" duration-ms="840052">
      <class name="Expenses_TestCases.Expenses_FullTest">
        <test-method is-config="true" signature="setUp(java.lang.String,java.lang.String,org.testng.ITestContext)[pri:0, instance:Expenses_TestCases.Expenses_FullTest@6ca8564a]" started-at="2025-07-27T20:36:38 IST" name="setUp" finished-at="2025-07-27T20:37:25 IST" duration-ms="47509" status="PASS">
          <params>
            <param index="0">
              <value>
                <![CDATA[windows]]>
              </value>
            </param>
            <param index="1">
              <value>
                <![CDATA[chrome]]>
              </value>
            </param>
            <param index="2">
              <value>
                <![CDATA[org.testng.TestRunner@c11ec9b]]>
              </value>
            </param>
          </params>
          <reporter-output>
          </reporter-output>
        </test-method> <!-- setUp -->
        <test-method signature="WorkOrder()[pri:2, instance:Expenses_TestCases.Expenses_FullTest@6ca8564a]" started-at="2025-07-27T20:37:25 IST" name="WorkOrder" finished-at="2025-07-27T20:42:32 IST" duration-ms="307267" status="PASS">
          <reporter-output>
          </reporter-output>
        </test-method> <!-- WorkOrder -->
        <test-method signature="Advance()[pri:3, instance:Expenses_TestCases.Expenses_FullTest@6ca8564a]" started-at="2025-07-27T20:42:33 IST" name="Advance" finished-at="2025-07-27T20:45:09 IST" duration-ms="156638" status="PASS">
          <reporter-output>
          </reporter-output>
        </test-method> <!-- Advance -->
        <test-method signature="DebitNote()[pri:4, instance:Expenses_TestCases.Expenses_FullTest@6ca8564a]" started-at="2025-07-27T20:45:09 IST" name="DebitNote" finished-at="2025-07-27T20:46:49 IST" duration-ms="99774" status="PASS">
          <reporter-output>
          </reporter-output>
        </test-method> <!-- DebitNote -->
        <test-method signature="DebitNoteReceipt()[pri:5, instance:Expenses_TestCases.Expenses_FullTest@6ca8564a]" started-at="2025-07-27T20:46:49 IST" name="DebitNoteReceipt" finished-at="2025-07-27T20:48:01 IST" duration-ms="72104" status="PASS">
          <reporter-output>
          </reporter-output>
        </test-method> <!-- DebitNoteReceipt -->
        <test-method signature="Payment()[pri:6, instance:Expenses_TestCases.Expenses_FullTest@6ca8564a]" started-at="2025-07-27T20:48:01 IST" name="Payment" finished-at="2025-07-27T20:50:37 IST" duration-ms="155774" status="PASS">
          <reporter-output>
          </reporter-output>
        </test-method> <!-- Payment -->
        <test-method is-config="true" signature="tearDown()[pri:0, instance:Expenses_TestCases.Expenses_FullTest@6ca8564a]" started-at="2025-07-27T20:50:37 IST" name="tearDown" finished-at="2025-07-27T20:50:37 IST" duration-ms="588" status="PASS">
          <reporter-output>
          </reporter-output>
        </test-method> <!-- tearDown -->
      </class> <!-- Expenses_TestCases.Expenses_FullTest -->
    </test> <!-- Test -->
  </suite> <!-- BatchExecutionSuite -->
</testng-results>
