<?xml version="1.0" encoding="UTF-8"?>
<testng-results ignored="0" total="1" passed="1" failed="0" skipped="0">
  <reporter-output>
  </reporter-output>
  <suite started-at="2025-11-15T22:39:42 IST" name="BatchExecutionSuite" finished-at="2025-11-15T22:39:50 IST" duration-ms="8592">
    <groups>
    </groups>
    <test started-at="2025-11-15T22:39:42 IST" name="Test" finished-at="2025-11-15T22:39:50 IST" duration-ms="8592">
      <class name="Expenses_TestCases.Advance_Test">
        <test-method is-config="true" signature="setUp(java.lang.String,java.lang.String,org.testng.ITestContext)[pri:0, instance:Expenses_TestCases.Advance_Test@77fbd92c]" started-at="2025-11-15T22:39:42 IST" name="setUp" finished-at="2025-11-15T22:39:48 IST" duration-ms="6140" status="PASS">
          <params>
            <param index="0">
              <value>
                <![CDATA[windows]]>
              </value>
            </param>
            <param index="1">
              <value>
                <![CDATA[chrome]]>
              </value>
            </param>
            <param index="2">
              <value>
                <![CDATA[org.testng.TestRunner@38f57b3d]]>
              </value>
            </param>
          </params>
          <reporter-output>
          </reporter-output>
        </test-method> <!-- setUp -->
        <test-method signature="AdvanceCreateTest()[pri:2, instance:Expenses_TestCases.Advance_Test@77fbd92c]" started-at="2025-11-15T22:39:48 IST" name="AdvanceCreateTest" finished-at="2025-11-15T22:39:50 IST" duration-ms="2394" status="PASS">
          <reporter-output>
          </reporter-output>
        </test-method> <!-- AdvanceCreateTest -->
        <test-method is-config="true" signature="tearDown()[pri:0, instance:Expenses_TestCases.Advance_Test@77fbd92c]" started-at="2025-11-15T22:39:50 IST" name="tearDown" finished-at="2025-11-15T22:39:50 IST" duration-ms="2" status="PASS">
          <reporter-output>
          </reporter-output>
        </test-method> <!-- tearDown -->
      </class> <!-- Expenses_TestCases.Advance_Test -->
    </test> <!-- Test -->
  </suite> <!-- BatchExecutionSuite -->
</testng-results>
