<?xml version="1.0" encoding="UTF-8"?>
<!-- Generated by org.testng.reporters.JUnitReportReporter -->
<testsuite hostname="DESKTOP-MA84K88" failures="0" tests="4" name="Expenses_Test.DebitNote_Test" time="210.409" errors="0" timestamp="2025-07-14T12:50:41 IST" skipped="0">
  <testcase classname="Expenses_Test.DebitNote_Test" name="loginTest" time="23.916"/>
  <testcase classname="Expenses_Test.DebitNote_Test" name="DebitNoteCreateTest" time="111.260"/>
  <testcase classname="Expenses_Test.DebitNote_Test" name="DebitNoteReceiptCreateTest" time="74.700"/>
  <testcase classname="Expenses_Test.DebitNote_Test" name="logoutTest" time="0.533"/>
</testsuite> <!-- Expenses_Test.DebitNote_Test -->
