<?xml version="1.0" encoding="UTF-8"?>
<!-- Generated by org.testng.reporters.JUnitReportReporter -->
<testsuite hostname="DESKTOP-MA84K88" failures="0" tests="5" name="Expenses_TestCases.Expenses_FullTest" time="652.746" errors="0" timestamp="2025-11-12T23:47:10 IST" skipped="0">
  <testcase classname="Expenses_TestCases.Expenses_FullTest" name="WorkOrder" time="226.844"/>
  <testcase classname="Expenses_TestCases.Expenses_FullTest" name="Advance" time="140.142"/>
  <testcase classname="Expenses_TestCases.Expenses_FullTest" name="DebitNote" time="110.847"/>
  <testcase classname="Expenses_TestCases.Expenses_FullTest" name="DebitNoteReceipt" time="75.495"/>
  <testcase classname="Expenses_TestCases.Expenses_FullTest" name="Payment" time="99.418"/>
</testsuite> <!-- Expenses_TestCases.Expenses_FullTest -->
