<?xml version="1.0" encoding="UTF-8"?>
<!-- Generated by org.testng.reporters.JUnitReportReporter -->
<testsuite hostname="DESKTOP-MA84K88" failures="0" tests="3" name="Expenses_Test.Payment_Test" time="167.931" errors="0" timestamp="2025-07-14T12:31:16 IST" skipped="0">
  <testcase classname="Expenses_Test.Payment_Test" name="loginTest" time="29.122"/>
  <testcase classname="Expenses_Test.Payment_Test" name="PaymentCreateTest" time="137.492"/>
  <testcase classname="Expenses_Test.Payment_Test" name="logoutTest" time="1.317"/>
</testsuite> <!-- Expenses_Test.Payment_Test -->
