<?xml version="1.0" encoding="UTF-8"?>
<!-- Generated by org.testng.reporters.JUnitReportReporter -->
<testsuite hostname="DESKTOP-MA84K88" failures="0" tests="3" name="Expenses_Test.Advance_Test" time="165.720" errors="0" timestamp="2025-07-14T11:35:20 IST" skipped="0">
  <testcase classname="Expenses_Test.Advance_Test" name="loginTest" time="21.276"/>
  <testcase classname="Expenses_Test.Advance_Test" name="AdvanceCreateTest" time="143.691"/>
  <testcase classname="Expenses_Test.Advance_Test" name="logoutTest" time="0.753"/>
</testsuite> <!-- Expenses_Test.Advance_Test -->
