<?xml version="1.0" encoding="UTF-8"?>
<!-- Generated by org.testng.reporters.JUnitXMLReporter -->
<testsuite ignored="0" hostname="DESKTOP-MA84K88" failures="0" tests="5" name="EdgeBrowser" time="893.078" errors="0" timestamp="2025-07-27T10:47:33 IST">
  <testcase classname="Expenses_TestCases.Expenses_FullTest" name="WorkOrder" time="283.958"/>
  <testcase classname="Expenses_TestCases.Expenses_FullTest" name="Advance" time="288.929"/>
  <testcase classname="Expenses_TestCases.Expenses_FullTest" name="DebitNote" time="68.262"/>
  <testcase classname="Expenses_TestCases.Expenses_FullTest" name="DebitNoteReceipt" time="31.85"/>
  <testcase classname="Expenses_TestCases.Expenses_FullTest" name="Payment" time="204.122"/>
</testsuite> <!-- EdgeBrowser -->
