<?xml version="1.0" encoding="UTF-8"?>
<!-- Generated by org.testng.reporters.JUnitXMLReporter -->
<testsuite ignored="0" hostname="DESKTOP-MA84K88" failures="0" tests="5" name="Test" time="711.985" errors="0" timestamp="2025-08-03T14:04:40 IST">
  <testcase classname="Expenses_TestCases.Expenses_FullTest" name="WorkOrder" time="161.84"/>
  <testcase classname="Expenses_TestCases.Expenses_FullTest" name="Advance" time="189.808"/>
  <testcase classname="Expenses_TestCases.Expenses_FullTest" name="DebitNote" time="98.041"/>
  <testcase classname="Expenses_TestCases.Expenses_FullTest" name="DebitNoteReceipt" time="79.554"/>
  <testcase classname="Expenses_TestCases.Expenses_FullTest" name="Payment" time="174.801"/>
</testsuite> <!-- Test -->
