<?xml version="1.0" encoding="UTF-8"?>
<!-- Generated by org.testng.reporters.JUnitXMLReporter -->
<testsuite ignored="0" hostname="DESKTOP-MA84K88" failures="0" tests="5" name="Test" time="835.455" errors="0" timestamp="2025-10-26T14:59:21 IST">
  <testcase classname="Expenses_TestCases.Expenses_FullTest" name="WorkOrder" time="184.483"/>
  <testcase classname="Expenses_TestCases.Expenses_FullTest" name="Advance" time="211.874"/>
  <testcase classname="Expenses_TestCases.Expenses_FullTest" name="DebitNote" time="120.591"/>
  <testcase classname="Expenses_TestCases.Expenses_FullTest" name="DebitNoteReceipt" time="75.402"/>
  <testcase classname="Expenses_TestCases.Expenses_FullTest" name="Payment" time="237.023"/>
</testsuite> <!-- Test -->
